[debug] [2022-05-26T17:58:03.302Z] ----------------------------------------------------------------------
[debug] [2022-05-26T17:58:03.305Z] Command:       C:\Program Files\nodejs\node.exe C:\Users\hp\AppData\Roaming\npm\node_modules\firebase-tools\lib\bin\firebase.js deploy
[debug] [2022-05-26T17:58:03.306Z] CLI Version:   10.6.0
[debug] [2022-05-26T17:58:03.306Z] Platform:      win32
[debug] [2022-05-26T17:58:03.306Z] Node Version:  v16.13.2
[debug] [2022-05-26T17:58:03.308Z] Time:          Thu May 26 2022 23:58:03 GMT+0600 (Bangladesh Standard Time)
[debug] [2022-05-26T17:58:03.308Z] ----------------------------------------------------------------------
[debug] 
[debug] [2022-05-26T17:58:03.409Z] > command requires scopes: ["email","openid","https://www.googleapis.com/auth/cloudplatformprojects.readonly","https://www.googleapis.com/auth/firebase","https://www.googleapis.com/auth/cloud-platform"]
[debug] [2022-05-26T17:58:03.409Z] > authorizing via signed-in user (meherab395@gmail.com)
[debug] [2022-05-26T17:58:03.409Z] [iam] checking project assignment-12-785e5 for permissions ["firebase.projects.get","firebasehosting.sites.update"]
[debug] [2022-05-26T17:58:03.412Z] >>> [apiv2][query] POST https://cloudresourcemanager.googleapis.com/v1/projects/assignment-12-785e5:testIamPermissions [none]
[debug] [2022-05-26T17:58:03.412Z] >>> [apiv2][body] POST https://cloudresourcemanager.googleapis.com/v1/projects/assignment-12-785e5:testIamPermissions {"permissions":["firebase.projects.get","firebasehosting.sites.update"]}
[debug] [2022-05-26T17:58:14.418Z] [iam] error while checking permissions, command may fail: FirebaseError: Failed to make request to https://cloudresourcemanager.googleapis.com/v1/projects/assignment-12-785e5:testIamPermissions
[debug] [2022-05-26T17:58:14.420Z] >>> [apiv2][query] GET https://firebase.googleapis.com/v1beta1/projects/assignment-12-785e5 [none]
[debug] [2022-05-26T17:58:14.426Z] Failed to make request to https://firebase.googleapis.com/v1beta1/projects/assignment-12-785e5
[debug] [2022-05-26T17:58:14.434Z] FirebaseError: Failed to make request to https://firebase.googleapis.com/v1beta1/projects/assignment-12-785e5
    at RetryOperation._fn (C:\Users\hp\AppData\Roaming\npm\node_modules\firebase-tools\lib\apiv2.js:240:31)
    at processTicksAndRejections (node:internal/process/task_queues:96:5)
[error] 
[error] Error: Failed to get Firebase project assignment-12-785e5. Please make sure the project exists and your account has permission to access it.
